\BOOKMARK [0][-]{chapter.1}{\376\377\000I\000n\000t\000r\000o\000d\000u\000c\000t\000i\000o\000n}{}% 1
\BOOKMARK [1][-]{section.1.1}{\376\377\000P\000o\000s\000i\000t\000i\000o\000n\000i\000n\000g}{chapter.1}% 2
\BOOKMARK [1][-]{section.1.2}{\376\377\000P\000r\000o\000b\000l\000e\000m\000\040\000s\000t\000a\000t\000e\000m\000e\000n\000t}{chapter.1}% 3
\BOOKMARK [1][-]{section.1.3}{\376\377\000O\000b\000j\000e\000c\000t\000i\000v\000e\000s}{chapter.1}% 4
\BOOKMARK [0][-]{chapter.2}{\376\377\000L\000i\000t\000e\000r\000a\000t\000u\000r\000e\000\040\000r\000e\000v\000i\000e\000w}{}% 5
\BOOKMARK [1][-]{section.2.1}{\376\377\000H\000o\000m\000e\000\040\000a\000u\000t\000o\000m\000a\000t\000i\000o\000n}{chapter.2}% 6
\BOOKMARK [2][-]{subsection.2.1.1}{\376\377\000H\000o\000m\000e\000\040\000a\000s\000s\000i\000s\000t\000a\000n\000t}{section.2.1}% 7
\BOOKMARK [2][-]{subsection.2.1.2}{\376\377\000H\000o\000m\000e\000\040\000a\000s\000s\000i\000s\000t\000a\000n\000t\000'\000s\000\040\000U\000I}{section.2.1}% 8
\BOOKMARK [1][-]{section.2.2}{\376\377\000F\000O\000\050\000\051}{chapter.2}% 9
\BOOKMARK [1][-]{section.2.3}{\376\377\000I\000D\000P\000-\000Z\0003}{chapter.2}% 10
\BOOKMARK [2][-]{subsection.2.3.1}{\376\377\000T\000h\000e\000\040\000K\000n\000o\000w\000l\000e\000d\000g\000e\000-\000B\000a\000s\000e\000\040\000P\000a\000r\000a\000d\000i\000g\000m}{section.2.3}% 11
\BOOKMARK [2][-]{subsection.2.3.2}{\376\377\000I\000n\000t\000e\000r\000a\000c\000t\000i\000v\000e\000\040\000c\000o\000n\000s\000u\000l\000t\000a\000n\000t}{section.2.3}% 12
\BOOKMARK [1][-]{section.2.4}{\376\377\000A\000l\000t\000e\000r\000n\000a\000t\000i\000v\000e\000s\000\040\000f\000o\000r\000\040\000F\000O\000\050\000\051}{chapter.2}% 13
\BOOKMARK [2][-]{subsection.2.4.1}{\376\377\000D\000M\000N}{section.2.4}% 14
\BOOKMARK [2][-]{subsection.2.4.2}{\376\377\000C\000N\000L}{section.2.4}% 15
\BOOKMARK [2][-]{subsection.2.4.3}{\376\377\000B\000l\000o\000c\000k\000s\000-\000b\000a\000s\000e\000d\000\040\000e\000d\000i\000t\000o\000r}{section.2.4}% 16
\BOOKMARK [1][-]{section.2.5}{\376\377\000S\000t\000a\000t\000e\000\040\000o\000f\000\040\000t\000h\000e\000\040\000a\000r\000t}{chapter.2}% 17
\BOOKMARK [2][-]{subsection.2.5.1}{\376\377\000I\000n\000t\000e\000l\000l\000i\000D\000o\000m\000o}{section.2.5}% 18
\BOOKMARK [2][-]{subsection.2.5.2}{\376\377\000I\000s\000s\000u\000e\000s\000\040\000w\000i\000t\000h\000\040\000t\000h\000e\000\040\000c\000u\000r\000r\000e\000n\000t\000\040\000a\000u\000t\000o\000m\000a\000t\000i\000o\000n\000\040\000c\000o\000n\000f\000i\000g\000u\000r\000a\000t\000i\000o\000n}{section.2.5}% 19
\BOOKMARK [2][-]{subsection.2.5.3}{\376\377\000S\000m\000a\000r\000t\000\040\000B\000l\000o\000c\000k}{section.2.5}% 20
\BOOKMARK [0][-]{chapter.3}{\376\377\000P\000l\000a\000n\000s\000\040\000f\000o\000r\000\040\000n\000e\000x\000t\000\040\000s\000e\000m\000e\000s\000t\000e\000r}{}% 21
\BOOKMARK [1][-]{section.3.1}{\376\377\000B\000l\000o\000c\000k\000s\000-\000b\000a\000s\000e\000d\000\040\000e\000d\000i\000t\000o\000r\000\040\000f\000o\000r\000\040\000I\000D\000P\000-\000Z\0003}{chapter.3}% 22
\BOOKMARK [2][-]{subsection.3.1.1}{\376\377\000U\000s\000e\000r\000-\000f\000r\000i\000e\000n\000d\000l\000y\000\040\000i\000n\000t\000e\000r\000f\000a\000c\000e}{section.3.1}% 23
\BOOKMARK [2][-]{subsection.3.1.2}{\376\377\000S\000t\000r\000u\000c\000t\000u\000r\000e\000\040\000a\000n\000d\000\040\000i\000m\000p\000l\000e\000m\000e\000n\000t\000a\000t\000i\000o\000n}{section.3.1}% 24
\BOOKMARK [2][-]{subsection.3.1.3}{\376\377\000V\000e\000r\000i\000f\000i\000c\000a\000t\000i\000o\000n}{section.3.1}% 25
\BOOKMARK [2][-]{subsection.3.1.4}{\376\377\000P\000l\000a\000n\000n\000i\000n\000g}{section.3.1}% 26
